<?xml version="1.0" encoding="UTF-8"?>
<testsuite name="com.test.ImportSummaryTest" tests="14" skipped="0" failures="0" errors="0" timestamp="2025-11-18T14:37:07.309Z" hostname="laptop-Jan.local" time="0.011">
  <properties/>
  <testcase name="testToStringWithErrorsContainsImportedCount()" classname="com.test.ImportSummaryTest" time="0.001"/>
  <testcase name="testIncrementImportedCountOne()" classname="com.test.ImportSummaryTest" time="0.001"/>
  <testcase name="testToStringErrorReturnsNotNull()" classname="com.test.ImportSummaryTest" time="0.0"/>
  <testcase name="testInitialErrorsListEmpty()" classname="com.test.ImportSummaryTest" time="0.001"/>
  <testcase name="testAddErrorContainsLineNumber()" classname="com.test.ImportSummaryTest" time="0.001"/>
  <testcase name="testToStringWithErrorsContainsFirstError()" classname="com.test.ImportSummaryTest" time="0.0"/>
  <testcase name="testToStringWithErrorsContainsSecondError()" classname="com.test.ImportSummaryTest" time="0.0"/>
  <testcase name="testAddMultipleErrorsIncreasesSizeCorrectly()" classname="com.test.ImportSummaryTest" time="0.001"/>
  <testcase name="testAddErrorContainsErrorDescription()" classname="com.test.ImportSummaryTest" time="0.0"/>
  <testcase name="testToStringContainsZeroErrors()" classname="com.test.ImportSummaryTest" time="0.001"/>
  <testcase name="testInitialCountIsZero()" classname="com.test.ImportSummaryTest" time="0.0"/>
  <testcase name="testAddErrorFormatsLineNumber()" classname="com.test.ImportSummaryTest" time="0.0"/>
  <testcase name="testToStringContainsImportedCount()" classname="com.test.ImportSummaryTest" time="0.001"/>
  <testcase name="testAddErrorIncreasesErrorListSize()" classname="com.test.ImportSummaryTest" time="0.001"/>
  <system-out><![CDATA[]]></system-out>
  <system-err><![CDATA[]]></system-err>
</testsuite>
