<?xml version="1.0" encoding="UTF-8"?>
<testsuite name="com.test.EmployeeServiceTest" tests="11" skipped="0" failures="0" errors="0" timestamp="2025-11-18T14:37:07.233Z" hostname="laptop-Jan.local" time="0.013">
  <properties/>
  <testcase name="testCompanyStatistics_singleEmployeeCompany_correctHighestPaid()" classname="com.test.EmployeeServiceTest" time="0.001"/>
  <testcase name="testSearchEmployeeByEmail_returnsEmployee()" classname="com.test.EmployeeServiceTest" time="0.0"/>
  <testcase name="testCompanyStatistics_correctAverageSalary()" classname="com.test.EmployeeServiceTest" time="0.0"/>
  <testcase name="testSearchEmployeeByCompany_returnsEmptyList()" classname="com.test.EmployeeServiceTest" time="0.002"/>
  <testcase name="testCompanyStatistics_correctHighestPaidEmployee()" classname="com.test.EmployeeServiceTest" time="0.0"/>
  <testcase name="testSearchEmployeeByPhone_returnsNull()" classname="com.test.EmployeeServiceTest" time="0.001"/>
  <testcase name="testSearchEmployeeByCompany_correctSize()" classname="com.test.EmployeeServiceTest" time="0.0"/>
  <testcase name="testValidateSalaryConsistency_findsUnderpaidEmployee()" classname="com.test.EmployeeServiceTest" time="0.0"/>
  <testcase name="testCompanyStatistics_correctEmployeeCount()" classname="com.test.EmployeeServiceTest" time="0.0"/>
  <testcase name="testAddEmployeeIncreseSizeByOne()" classname="com.test.EmployeeServiceTest" time="0.0"/>
  <testcase name="testValidateSalaryConsistency_zeroUnderpaid()" classname="com.test.EmployeeServiceTest" time="0.0"/>
  <system-out><![CDATA[]]></system-out>
  <system-err><![CDATA[]]></system-err>
</testsuite>
