<?xml version="1.0" encoding="UTF-8"?>
<testsuite name="com.test.EmployeeAnalyticsTest" tests="11" skipped="0" failures="0" errors="0" timestamp="2025-11-18T14:37:07.213Z" hostname="laptop-Jan.local" time="0.016">
  <properties/>
  <testcase name="testGroupEmployeesByPosition_twpProgramista()" classname="com.test.EmployeeAnalyticsTest" time="0.001"/>
  <testcase name="testCountEmployeesByPosition_empty()" classname="com.test.EmployeeAnalyticsTest" time="0.002"/>
  <testcase name="testCountEmployeesByPosition_onePrezes()" classname="com.test.EmployeeAnalyticsTest" time="0.0"/>
  <testcase name="testCalculateAverageSalary_correctValue()" classname="com.test.EmployeeAnalyticsTest" time="0.001"/>
  <testcase name="testSortEmployeesBySurname_lastElementIsCorrect()" classname="com.test.EmployeeAnalyticsTest" time="0.001"/>
  <testcase name="testGroupEmployeesByPosition_oneManager()" classname="com.test.EmployeeAnalyticsTest" time="0.0"/>
  <testcase name="testCalculateAverageSalary_returnsZero()" classname="com.test.EmployeeAnalyticsTest" time="0.0"/>
  <testcase name="testGetHighestPaidEmployee_returnsTrue()" classname="com.test.EmployeeAnalyticsTest" time="0.001"/>
  <testcase name="testGetHighestPaidEmployee_emptyList()" classname="com.test.EmployeeAnalyticsTest" time="0.0"/>
  <testcase name="testCountEmployeesByPosition_twoProgramista()" classname="com.test.EmployeeAnalyticsTest" time="0.0"/>
  <testcase name="testSortEmployeesBySurname_firstElementCorrect()" classname="com.test.EmployeeAnalyticsTest" time="0.0"/>
  <system-out><![CDATA[]]></system-out>
  <system-err><![CDATA[]]></system-err>
</testsuite>
