<?xml version="1.0" encoding="UTF-8"?>
<testsuite name="com.test.ExceptionTest" tests="10" skipped="0" failures="0" errors="0" timestamp="2025-11-18T14:37:07.279Z" hostname="laptop-Jan.local" time="0.008">
  <properties/>
  <testcase name="testInvalidDataExceptionExtendsRuntimeException()" classname="com.test.ExceptionTest" time="0.0"/>
  <testcase name="testApiExceptionContainsMessage()" classname="com.test.ExceptionTest" time="0.001"/>
  <testcase name="testInvalidDataExceptionContainsMessage()" classname="com.test.ExceptionTest" time="0.001"/>
  <testcase name="testApiExceptionExtendsRuntimeException()" classname="com.test.ExceptionTest" time="0.0"/>
  <testcase name="testInvalidDataExceptionCauseContainsMessage()" classname="com.test.ExceptionTest" time="0.0"/>
  <testcase name="testInvalidDataExceptionContainsCause()" classname="com.test.ExceptionTest" time="0.0"/>
  <testcase name="testApiExceptionContainsCause()" classname="com.test.ExceptionTest" time="0.001"/>
  <testcase name="testInvalidDataExceptionThrown()" classname="com.test.ExceptionTest" time="0.001"/>
  <testcase name="testApiExceptionThrown()" classname="com.test.ExceptionTest" time="0.001"/>
  <testcase name="testApiExceptionCauseContainsMessage()" classname="com.test.ExceptionTest" time="0.0"/>
  <system-out><![CDATA[]]></system-out>
  <system-err><![CDATA[]]></system-err>
</testsuite>
