<?xml version="1.0" encoding="UTF-8"?>
<testsuite name="com.test.ImportServiceTest" tests="7" skipped="0" failures="0" errors="0" timestamp="2025-11-18T14:37:07.292Z" hostname="laptop-Jan.local" time="0.015">
  <properties/>
  <testcase name="testImportCsvSummaryNotNull()" classname="com.test.ImportServiceTest" time="0.011"/>
  <testcase name="testImportedCountNonNegative()" classname="com.test.ImportServiceTest" time="0.001"/>
  <testcase name="testImportCsvReturnsNotNull()" classname="com.test.ImportServiceTest" time="0.001"/>
  <testcase name="testImportCsvNonExistentFileRecordsErrors()" classname="com.test.ImportServiceTest" time="0.0"/>
  <testcase name="testImportedCountMatchesServiceCount()" classname="com.test.ImportServiceTest" time="0.001"/>
  <testcase name="testErrorTrackingReturnsNotNull()" classname="com.test.ImportServiceTest" time="0.0"/>
  <testcase name="testEmployeesAddedToService()" classname="com.test.ImportServiceTest" time="0.0"/>
  <system-out><![CDATA[]]></system-out>
  <system-err><![CDATA[]]></system-err>
</testsuite>
